<?xml version="1.0" encoding="UTF-8"?>
<testng-results ignored="0" total="1" passed="1" failed="0" skipped="0">
  <reporter-output>
  </reporter-output>
  <suite started-at="2019-12-18T19:40:44 EST" name="Default suite" finished-at="2019-12-18T19:40:48 EST" duration-ms="3846">
    <groups>
    </groups>
    <test started-at="2019-12-18T19:40:44 EST" name="Default test" finished-at="2019-12-18T19:40:48 EST" duration-ms="3846">
      <class name="Shuffle">
        <test-method signature="Draw_a_Cards()[pri:0, instance:Shuffle@2aa3cd93]" started-at="2019-12-18T19:40:44 EST" name="Draw_a_Cards" finished-at="2019-12-18T19:40:48 EST" duration-ms="3778" status="PASS">
          <reporter-output>
          </reporter-output>
        </test-method> <!-- Draw_a_Cards -->
      </class> <!-- Shuffle -->
    </test> <!-- Default test -->
  </suite> <!-- Default suite -->
</testng-results>
